<?xml version="1.0" encoding="UTF-8"?>
<!-- Generated by org.testng.reporters.JUnitReportReporter -->
<testsuite skipped="1" hostname="DESKTOP-IUSBTKP" name="hrm.runner.Runner" tests="1" failures="0" timestamp="28 Jun 2019 01:57:19 GMT" time="0.000" errors="0">
  <testcase name="feature" time="0.000" classname="hrm.runner.Runner">
    <skipped/>
  </testcase> <!-- feature -->
</testsuite> <!-- hrm.runner.Runner -->
